build/app/outputs/mapping/release/usage.txt
com.example.software_estimation.R$layout
com.example.software_estimation.R$id
com.example.software_estimation.R$color
com.example.software_estimation.BuildConfig
com.example.software_estimation.R$mipmap
com.example.software_estimation.R
com.example.software_estimation.R$integer
com.example.software_estimation.R$attr
com.example.software_estimation.R$string
com.example.software_estimation.R$dimen
com.example.software_estimation.R$styleable
com.example.software_estimation.R$drawable
com.example.software_estimation.R$style
...
com.google.common.collect.ImmutableMap$MapViewOfValuesAsSingletonSets
androidx.annotation.ContentView
com.google.common.collect.TreeTraverser$3
androidx.core.view.accessibility.AccessibilityViewCommand$MoveHtmlArguments
kotlin.coroutines.jvm.internal.CoroutineStackFrame
androidx.core.provider.FontsContractCompat$4$2
androidx.fragment.R$styleable
kotlin.coroutines.jvm.internal.RestrictedContinuationImpl
org.checkerframework.checker.nullness.compatqual.MonotonicNonNullType
com.google.common.hash.Murmur3_128HashFunction$Murmur3_128Hasher
com.google.common.reflect.Types$ClassOwnership$1LocalClass
kotlin.jvm.internal.TypeReference$asString$args$1
androidx.collection.SimpleArrayMap:
    public void <init>(int)
    public void <init>(androidx.collection.SimpleArrayMap)
    public void putAll(androidx.collection.SimpleArrayMap)
    private static final boolean DEBUG
    private static final java.lang.String TAG
    private static final boolean CONCURRENT_MODIFICATION_EXCEPTIONS
    private static final int BASE_SIZE
    private static final int CACHE_SIZE
androidx.core.graphics.TypefaceCompat
kotlin.contracts.ContractBuilderKt
kotlin.sequences.DropSequence
com.google.common.collect.EnumMultiset
kotlin.coroutines.jvm.internal.Boxing
javax.annotation.CheckReturnValue
com.google.common.collect.ByFunctionOrdering
kotlin.collections.ArraysKt___ArraysKt$asIterable$$inlined$Iterable$3
com.google.common.hash.LittleEndianByteArray$JavaLittleEndianBytes$1
com.google.common.base.Predicates$OrPredicate
androidx.viewpager.R$integer
kotlin.concurrent.ThreadsKt
com.google.common.collect.Range
com.google.common.util.concurrent.ExecutionSequencer$RunningState
com.google.common.collect.AbstractMapBasedMultimap$RandomAccessWrappedList
com.google.common.reflect.Reflection
io.flutter.plugin.editing.ListenableEditingState:
    private static final java.lang.String TAG
kotlin.collections.ArraysKt___ArraysJvmKt
androidx.core.text.util.LinkifyCompat$LinkifyMask
com.google.common.base.Ascii
com.google.common.graph.AbstractBaseGraph$IncidentEdgeSet$Directed$1
kotlin.collections.ByteIterator
com.google.common.collect.MapMakerInternalMap$WeakKeyDummyValueEntry
kotlin.coroutines.experimental.SequenceBuilder
com.google.common.math.LongMath$MillerRabinTester$1
com.google.common.math.DoubleMath$1
androidx.core.accessibilityservice.AccessibilityServiceInfoCompat
androidx.core.provider.FontsContractCompat$TypefaceResult
androidx.core.app.ComponentActivity:
    public void <init>()
    public void putExtraData(androidx.core.app.ComponentActivity$ExtraData)
    protected void onCreate(android.os.Bundle)
    protected void onSaveInstanceState(android.os.Bundle)
    public androidx.core.app.ComponentActivity$ExtraData getExtraData(java.lang.Class)
    public androidx.lifecycle.Lifecycle getLifecycle()
    public boolean superDispatchKeyEvent(android.view.KeyEvent)
    public boolean dispatchKeyShortcutEvent(android.view.KeyEvent)
    public boolean dispatchKeyEvent(android.view.KeyEvent)
    private androidx.collection.SimpleArrayMap mExtraDataMap
    private androidx.lifecycle.LifecycleRegistry mLifecycleRegistry
kotlin.jvm.internal.ArrayIntIterator
androidx.core.view.ScrollingView
kotlin.coroutines.CombinedContext$Serialized
com.google.common.base.CharMatcher$Any
com.google.common.cache.LocalCache$Segment$1
kotlin.jvm.JvmMultifileClass
androidx.core.widget.NestedScrollView$SavedState$1
kotlin.internal.ProgressionUtilKt
com.google.common.collect.SortedLists$KeyPresentBehavior$3
com.google.common.io.ByteSource$AsCharSource
androidx.lifecycle.MediatorLiveData$Source
com.google.common.util.concurrent.SequentialExecutor$QueueWorker